<?xml version="1.0" encoding="UTF-8"?>
<!-- Generated by org.testng.reporters.JUnitXMLReporter -->
<testsuite hostname="RS-Rihan-PC" ignored="0" name="Default test" tests="2" failures="0" timestamp="03 Aug 2020 08:37:04 GMT" time="154.126" errors="0">
  <testcase name="verifyUserRegistrationAndCreatePastBook" time="85.569" classname="com.gapstar.testcases.LandingPageTest"/>
  <testcase name="verifyUserLoginWithPreviousCredentials" time="26.526" classname="com.gapstar.testcases.LandingPageTest"/>
</testsuite> <!-- Default test -->
